<?xml version="1.0" encoding="UTF-8"?>
<testsuite name="com.kbds.study.todo.TodoApplicationTests" tests="1" skipped="0" failures="0" errors="0" timestamp="2025-02-26T08:48:41" hostname="jogyeonglan-ui-iMac.local" time="0.401">
  <properties/>
  <testcase name="contextLoads()" classname="com.kbds.study.todo.TodoApplicationTests" time="0.401"/>
  <system-out><![CDATA[17:48:40.713 [Test worker] INFO org.springframework.test.context.support.AnnotationConfigContextLoaderUtils -- Could not detect default configuration classes for test class [com.kbds.study.todo.TodoApplicationTests]: TodoApplicationTests does not declare any static, non-private, non-final, nested classes annotated with @Configuration.
17:48:40.760 [Test worker] INFO org.springframework.boot.test.context.SpringBootTestContextBootstrapper -- Found @SpringBootConfiguration com.kbds.study.todo.TodoApplication for test class com.kbds.study.todo.TodoApplicationTests

  .   ____          _            __ _ _
 /\\ / ___'_ __ _ _(_)_ __  __ _ \ \ \ \
( ( )\___ | '_ | '_| | '_ \/ _` | \ \ \ \
 \\/  ___)| |_)| | | | | || (_| |  ) ) ) )
  '  |____| .__|_| |_|_| |_\__, | / / / /
 =========|_|==============|___/=/_/_/_/

 :: Spring Boot ::                (v3.4.2)

2025-02-26T17:48:40.987+09:00  INFO 35918 --- [todo] [    Test worker] c.kbds.study.todo.TodoApplicationTests   : Starting TodoApplicationTests using Java 21.0.6 with PID 35918 (started by gyeongran in /Users/gyeongran/Documents/spring-study/todo-api)
2025-02-26T17:48:40.988+09:00 DEBUG 35918 --- [todo] [    Test worker] c.kbds.study.todo.TodoApplicationTests   : Running with Spring Boot v3.4.2, Spring v6.2.2
2025-02-26T17:48:40.988+09:00  INFO 35918 --- [todo] [    Test worker] c.kbds.study.todo.TodoApplicationTests   : No active profile set, falling back to 1 default profile: "default"
2025-02-26T17:48:41.001+09:00 DEBUG 35918 --- [todo] [    Test worker] o.s.w.c.s.GenericWebApplicationContext   : Refreshing org.springframework.web.context.support.GenericWebApplicationContext@25d3cfc8
2025-02-26T17:48:41.610+09:00 DEBUG 35918 --- [todo] [    Test worker] s.w.s.m.m.a.RequestMappingHandlerMapping : 14 mappings in 'requestMappingHandlerMapping'
2025-02-26T17:48:41.655+09:00 DEBUG 35918 --- [todo] [    Test worker] o.s.w.s.handler.SimpleUrlHandlerMapping  : Patterns [/webjars/**, /**] in 'resourceHandlerMapping'
2025-02-26T17:48:41.669+09:00 DEBUG 35918 --- [todo] [    Test worker] s.w.s.m.m.a.RequestMappingHandlerAdapter : ControllerAdvice beans: 0 @ModelAttribute, 0 @InitBinder, 1 RequestBodyAdvice, 1 ResponseBodyAdvice
2025-02-26T17:48:41.690+09:00 DEBUG 35918 --- [todo] [    Test worker] .m.m.a.ExceptionHandlerExceptionResolver : ControllerAdvice beans: 1 @ExceptionHandler, 1 ResponseBodyAdvice
2025-02-26T17:48:41.731+09:00  INFO 35918 --- [todo] [    Test worker] c.kbds.study.todo.TodoApplicationTests   : Started TodoApplicationTests in 0.861 seconds (process running for 1.387)
]]></system-out>
  <system-err><![CDATA[Mockito is currently self-attaching to enable the inline-mock-maker. This will no longer work in future releases of the JDK. Please add Mockito as an agent to your build what is described in Mockito's documentation: https://javadoc.io/doc/org.mockito/mockito-core/latest/org/mockito/Mockito.html#0.3
WARNING: A Java agent has been loaded dynamically (/Users/gyeongran/.gradle/caches/modules-2/files-2.1/net.bytebuddy/byte-buddy-agent/1.15.11/a38b16385e867f59a641330f0362ebe742788ed8/byte-buddy-agent-1.15.11.jar)
WARNING: If a serviceability tool is in use, please run with -XX:+EnableDynamicAgentLoading to hide this warning
WARNING: If a serviceability tool is not in use, please run with -Djdk.instrument.traceUsage for more information
WARNING: Dynamic loading of agents will be disallowed by default in a future release
]]></system-err>
</testsuite>
